<?xml version="1.0" encoding="UTF-8"?>
<!-- Generated by org.testng.reporters.JUnitReportReporter -->
<testsuite skipped="0" hostname="DESKTOP-Q4I36MC" name="com.task.compareprice.ComparePriceTest" tests="1" failures="0" timestamp="2019-12-26T11:28:26 IST" time="37.187" errors="0">
  <testcase name="comparePriceTest" time="37.187" classname="com.task.compareprice.ComparePriceTest"/>
</testsuite> <!-- com.task.compareprice.ComparePriceTest -->
