<?xml version="1.0" encoding="UTF-8"?>
<!-- Generated by org.testng.reporters.JUnitReportReporter -->
<testsuite skipped="0" hostname="DESKTOP-Q4I36MC" name="com.task.tripadvisor.TripAdvisorTest" tests="1" failures="0" timestamp="2019-12-26T11:50:23 IST" time="58.975" errors="0">
  <testcase name="searchAndreviewTest" time="58.975" classname="com.task.tripadvisor.TripAdvisorTest"/>
</testsuite> <!-- com.task.tripadvisor.TripAdvisorTest -->
