<?xml version="1.0" encoding="UTF-8"?>
<!-- Generated by org.testng.reporters.JUnitReportReporter -->
<testsuite skipped="0" hostname="DESKTOP-Q4I36MC" name="com.task.compareprice.ComparePriceTest" tests="1" failures="0" timestamp="2019-12-26T12:03:07 IST" time="36.378" errors="0">
  <testcase name="comparePriceTest" time="36.378" classname="com.task.compareprice.ComparePriceTest"/>
</testsuite> <!-- com.task.compareprice.ComparePriceTest -->
